<?xml version="1.0" encoding="utf-8"?>
<TestRun id="7879712e-33c8-490d-b6dc-a47ab54ac8e6" name="ervin@ENJ-NTB-001 2025-01-19 03:23:07" runUser="ENJ-NTB-001\ervin" xmlns="http://microsoft.com/schemas/VisualStudio/TeamTest/2010">
  <Times creation="2025-01-19T03:23:07.2289929-03:00" queuing="2025-01-19T03:23:07.2289933-03:00" start="2025-01-19T03:23:04.4258944-03:00" finish="2025-01-19T03:23:07.2412579-03:00" />
  <TestSettings name="default" id="c5c089e1-b120-468b-ad08-5f74f93781b3">
    <Deployment runDeploymentRoot="ervin_ENJ-NTB-001_2025-01-19_03_23_07" />
  </TestSettings>
  <Results>
    <UnitTestResult executionId="86993b7e-6f42-4212-8f11-43b400479a77" testId="4cf2d60d-f12a-9384-4221-623d59c3128b" testName="Fiap.FileCut.Gestao.Api.UnitTests.UnitTest1.Test1" computerName="ENJ-NTB-001" duration="00:00:00.0030694" startTime="2025-01-19T03:23:06.9666212-03:00" endTime="2025-01-19T03:23:06.9666419-03:00" testType="13cdc9d9-ddb5-4fa4-a97d-d965ccfc6d4b" outcome="Passed" testListId="8c84fa94-04c1-424b-9868-57a2d4851a1d" relativeResultsDirectory="86993b7e-6f42-4212-8f11-43b400479a77" />
  </Results>
  <TestDefinitions>
    <UnitTest name="Fiap.FileCut.Gestao.Api.UnitTests.UnitTest1.Test1" storage="c:\users\ervin\desktop\projetos\fiap.filecut.gestao\tests\fiap.filecut.gestao.api.unittests\bin\debug\net8.0\fiap.filecut.gestao.api.unittests.dll" id="4cf2d60d-f12a-9384-4221-623d59c3128b">
      <Execution id="86993b7e-6f42-4212-8f11-43b400479a77" />
      <TestMethod codeBase="C:\Users\ervin\Desktop\Projetos\Fiap.FileCut.Gestao\tests\Fiap.FileCut.Gestao.Api.UnitTests\bin\Debug\net8.0\Fiap.FileCut.Gestao.Api.UnitTests.dll" adapterTypeName="executor://xunit/VsTestRunner2/netcoreapp" className="Fiap.FileCut.Gestao.Api.UnitTests.UnitTest1" name="Test1" />
    </UnitTest>
  </TestDefinitions>
  <TestEntries>
    <TestEntry testId="4cf2d60d-f12a-9384-4221-623d59c3128b" executionId="86993b7e-6f42-4212-8f11-43b400479a77" testListId="8c84fa94-04c1-424b-9868-57a2d4851a1d" />
  </TestEntries>
  <TestLists>
    <TestList name="Resultados que não estão em uma lista" id="8c84fa94-04c1-424b-9868-57a2d4851a1d" />
    <TestList name="Todos os resultados carregados" id="19431567-8539-422a-85d7-44ee4e166bda" />
  </TestLists>
  <ResultSummary outcome="Completed">
    <Counters total="1" executed="1" passed="1" failed="0" error="0" timeout="0" aborted="0" inconclusive="0" passedButRunAborted="0" notRunnable="0" notExecuted="0" disconnected="0" warning="0" completed="0" inProgress="0" pending="0" />
    <Output>
      <StdOut>[xUnit.net 00:00:00.00] xUnit.net VSTest Adapter v2.8.1+ce9211e970 (64-bit .NET 8.0.11)&#xD;
[xUnit.net 00:00:00.63]   Discovering: Fiap.FileCut.Gestao.Api.UnitTests&#xD;
[xUnit.net 00:00:00.69]   Discovered:  Fiap.FileCut.Gestao.Api.UnitTests&#xD;
[xUnit.net 00:00:00.69]   Starting:    Fiap.FileCut.Gestao.Api.UnitTests&#xD;
[xUnit.net 00:00:00.76]   Finished:    Fiap.FileCut.Gestao.Api.UnitTests&#xD;
</StdOut>
    </Output>
    <CollectorDataEntries>
      <Collector agentName="ENJ-NTB-001" uri="datacollector://microsoft/CodeCoverage/2.0" collectorDisplayName="Code Coverage">
        <UriAttachments>
          <UriAttachment>
            <A href="ENJ-NTB-001\ervin_ENJ-NTB-001_2025-01-19.03_23_07.coverage"></A>
          </UriAttachment>
        </UriAttachments>
      </Collector>
    </CollectorDataEntries>
  </ResultSummary>
</TestRun>